<?xml version="1.0" encoding="UTF-8"?>
<testsuite xmlns:xsi="http://www.w3.org/2001/XMLSchema-instance" xsi:noNamespaceSchemaLocation="https://maven.apache.org/surefire/maven-surefire-plugin/xsd/surefire-test-report.xsd" name="com.kimtian.test.MessageTest" time="0.939" tests="4" errors="0" skipped="0" failures="0">
  <properties>
[...]
</properties>
  <testcase name="testQueryMessageList" classname="com.kimtian.test.MessageTest" time="0.739"/>
  <testcase name="testDeleteBatch" classname="com.kimtian.test.MessageTest" time="0.056"/>
  <testcase name="testReturnMessage" classname="com.kimtian.test.MessageTest" time="0.032"/>
  <testcase name="testDeleteById" classname="com.kimtian.test.MessageTest" time="0.051"/>
</testsuite>